   1               		.file	"RP6I2CslaveTWI.c"
   2               	__SREG__ = 0x3f
   3               	__SP_H__ = 0x3e
   4               	__SP_L__ = 0x3d
   5               	__CCP__ = 0x34
   6               	__tmp_reg__ = 0
   7               	__zero_reg__ = 1
  15               	.Ltext0:
  16               	.global	I2CTWI_initSlave
  18               	I2CTWI_initSlave:
  19               	.LFB0:
  20               	.LM1:
  21               	.LVL0:
  22               	/* prologue: function */
  23               	/* frame size = 0 */
  24               	/* stack size = 0 */
  25               	.L__stack_usage = 0
  26               	.LM2:
  27               	/* #APP */
  28               	 ;  40 "../../RP6Lib/RP6common/RP6I2CslaveTWI.c" 1
  29 0000 F894      		cli
  30               	 ;  0 "" 2
  31               	.LM3:
  32               	/* #NOAPP */
  33 0002 82B9      		out 34-32,r24
  34               	.LM4:
  35 0004 8FEF      		ldi r24,lo8(-1)
  36               	.LVL1:
  37 0006 83B9      		out 35-32,r24
  38               	.LM5:
  39 0008 84E0      		ldi r24,lo8(4)
  40 000a 86BF      		out 86-32,r24
  41               	.LM6:
  42               	/* #APP */
  43               	 ;  44 "../../RP6Lib/RP6common/RP6I2CslaveTWI.c" 1
  44 000c 7894      		sei
  45               	 ;  0 "" 2
  46               	.LM7:
  47               	/* #NOAPP */
  48 000e 85EC      		ldi r24,lo8(-59)
  49 0010 86BF      		out 86-32,r24
  50               	/* epilogue start */
  51               	.LM8:
  52 0012 0895      		ret
  53               	.LFE0:
  55               	.global	__vector_19
  57               	__vector_19:
  58               	.LFB1:
  59               	.LM9:
  60 0014 1F92      		push __zero_reg__
  61 0016 0F92      		push r0
  62 0018 0FB6      		in r0,__SREG__
  63 001a 0F92      		push r0
  64 001c 1124      		clr __zero_reg__
  65 001e 8F93      		push r24
  66 0020 9F93      		push r25
  67 0022 EF93      		push r30
  68 0024 FF93      		push r31
  69               	/* prologue: Signal */
  70               	/* frame size = 0 */
  71               	/* stack size = 7 */
  72               	.L__stack_usage = 7
  73               	.LM10:
  74 0026 81B1      		in r24,33-32
  75 0028 8039      		cpi r24,lo8(-112)
  76 002a 01F4      		brne .+2
  77 002c 00C0      		rjmp .L7
  78 002e 8139      		cpi r24,lo8(-111)
  79 0030 00F4      		brsh .L12
  80 0032 8037      		cpi r24,lo8(112)
  81 0034 01F4      		brne .+2
  82 0036 00C0      		rjmp .L5
  83 0038 8038      		cpi r24,lo8(-128)
  84 003a 01F0      		breq .L6
  85 003c 8036      		cpi r24,lo8(96)
  86 003e 01F0      		breq .+2
  87 0040 00C0      		rjmp .L3
  88 0042 00C0      		rjmp .L22
  89               	.L12:
  90 0044 883A      		cpi r24,lo8(-88)
  91 0046 01F0      		breq .L9
  92 0048 893A      		cpi r24,lo8(-87)
  93 004a 00F4      		brsh .L13
  94 004c 803A      		cpi r24,lo8(-96)
  95 004e 01F0      		breq .+2
  96 0050 00C0      		rjmp .L3
  97 0052 00C0      		rjmp .L23
  98               	.L13:
  99 0054 883B      		cpi r24,lo8(-72)
 100 0056 01F0      		breq .L10
 101 0058 803C      		cpi r24,lo8(-64)
 102 005a 01F0      		breq .+2
 103 005c 00C0      		rjmp .L3
 104 005e 00C0      		rjmp .L24
 105               	.L9:
 106               	.LM11:
 107 0060 84E0      		ldi r24,lo8(4)
 108 0062 8093 0000 		sts TWI_state.1276,r24
 109               	.LM12:
 110 0066 81E0      		ldi r24,lo8(1)
 111 0068 8093 0000 		sts I2CTWI_readBusy,r24
 112               	.L10:
 113               	.LM13:
 114 006c 8091 0000 		lds r24,TWI_state.1276
 115 0070 8430      		cpi r24,lo8(4)
 116 0072 01F4      		brne .L19
 117               	.LM14:
 118 0074 8091 0000 		lds r24,current_register.1275
 119 0078 E82F      		mov r30,r24
 120 007a F0E0      		ldi r31,lo8(0)
 121 007c E050      		subi r30,lo8(-(I2CTWI_readRegisters))
 122 007e F040      		sbci r31,hi8(-(I2CTWI_readRegisters))
 123 0080 9081      		ld r25,Z
 124 0082 93B9      		out 35-32,r25
 125 0084 00C0      		rjmp .L20
 126               	.L24:
 127               	.LM15:
 128 0086 1092 0000 		sts TWI_state.1276,__zero_reg__
 129               	.LM16:
 130 008a 1092 0000 		sts current_register.1275,__zero_reg__
 131               	.LM17:
 132 008e 1092 0000 		sts I2CTWI_readBusy,__zero_reg__
 133               	.LM18:
 134 0092 81E0      		ldi r24,lo8(1)
 135 0094 8093 0000 		sts I2CTWI_dataWasRead,r24
 136 0098 00C0      		rjmp .L19
 137               	.L22:
 138               	.LM19:
 139 009a 81E0      		ldi r24,lo8(1)
 140 009c 8093 0000 		sts I2CTWI_writeBusy,r24
 141               	.LM20:
 142 00a0 82E0      		ldi r24,lo8(2)
 143 00a2 00C0      		rjmp .L21
 144               	.L6:
 145               	.LM21:
 146 00a4 8091 0000 		lds r24,TWI_state.1276
 147 00a8 8230      		cpi r24,lo8(2)
 148 00aa 01F4      		brne .L16
 149               	.LM22:
 150 00ac 83B1      		in r24,35-32
 151 00ae 8093 0000 		sts current_register.1275,r24
 152               	.LM23:
 153 00b2 8093 0000 		sts I2CTWI_dataReadFromReg,r24
 154               	.LM24:
 155 00b6 83E0      		ldi r24,lo8(3)
 156 00b8 00C0      		rjmp .L21
 157               	.L16:
 158               	.LM25:
 159 00ba 8330      		cpi r24,lo8(3)
 160 00bc 01F4      		brne .L19
 161               	.LM26:
 162 00be 8091 0000 		lds r24,current_register.1275
 163 00c2 E82F      		mov r30,r24
 164 00c4 F0E0      		ldi r31,lo8(0)
 165 00c6 93B1      		in r25,35-32
 166 00c8 E050      		subi r30,lo8(-(I2CTWI_writeRegisters))
 167 00ca F040      		sbci r31,hi8(-(I2CTWI_writeRegisters))
 168 00cc 9083      		st Z,r25
 169               	.L20:
 170 00ce 8F5F      		subi r24,lo8(-(1))
 171 00d0 8093 0000 		sts current_register.1275,r24
 172 00d4 00C0      		rjmp .L19
 173               	.L5:
 174               	.LM27:
 175 00d6 81E0      		ldi r24,lo8(1)
 176               	.L21:
 177 00d8 8093 0000 		sts TWI_state.1276,r24
 178 00dc 00C0      		rjmp .L19
 179               	.L7:
 180               	.LM28:
 181 00de 83B1      		in r24,35-32
 182 00e0 8093 0000 		sts I2CTWI_genCallCMD,r24
 183               	.L19:
 184               	.LM29:
 185 00e4 85EC      		ldi r24,lo8(-59)
 186 00e6 00C0      		rjmp .L18
 187               	.L23:
 188               	.LM30:
 189 00e8 85E0      		ldi r24,lo8(5)
 190 00ea 8093 0000 		sts TWI_state.1276,r24
 191               	.LM31:
 192 00ee 85EC      		ldi r24,lo8(-59)
 193 00f0 86BF      		out 86-32,r24
 194               	.LM32:
 195 00f2 1092 0000 		sts I2CTWI_writeBusy,__zero_reg__
 196               	.LM33:
 197 00f6 00C0      		rjmp .L2
 198               	.L3:
 199               	.LM34:
 200 00f8 84E8      		ldi r24,lo8(-124)
 201               	.L18:
 202 00fa 86BF      		out 86-32,r24
 203               	.L2:
 204               	/* epilogue start */
 205               	.LM35:
 206 00fc FF91      		pop r31
 207 00fe EF91      		pop r30
 208 0100 9F91      		pop r25
 209 0102 8F91      		pop r24
 210 0104 0F90      		pop r0
 211 0106 0FBE      		out __SREG__,r0
 212 0108 0F90      		pop r0
 213 010a 1F90      		pop __zero_reg__
 214 010c 1895      		reti
 215               	.LFE1:
 217               	.global	I2CTWI_dataWasRead
 218               	.global	I2CTWI_dataWasRead
 219               		.section .bss
 222               	I2CTWI_dataWasRead:
 223 0000 00        		.skip 1,0
 224               	.global	I2CTWI_dataReadFromReg
 225               	.global	I2CTWI_dataReadFromReg
 228               	I2CTWI_dataReadFromReg:
 229 0001 00        		.skip 1,0
 230               	.global	I2CTWI_readBusy
 231               	.global	I2CTWI_readBusy
 234               	I2CTWI_readBusy:
 235 0002 00        		.skip 1,0
 236               	.global	I2CTWI_writeBusy
 237               	.global	I2CTWI_writeBusy
 240               	I2CTWI_writeBusy:
 241 0003 00        		.skip 1,0
 242               		.comm I2CTWI_readRegisters,48,1
 243               		.comm I2CTWI_writeRegisters,16,1
 244               		.comm I2CTWI_genCallCMD,1,1
 245               		.lcomm TWI_state.1276,1
 246               		.lcomm current_register.1275,1
 279               	.Letext0:
DEFINED SYMBOLS
                            *ABS*:0000000000000000 RP6I2CslaveTWI.c
     /tmp/cc2iIlTl.s:2      *ABS*:000000000000003f __SREG__
     /tmp/cc2iIlTl.s:3      *ABS*:000000000000003e __SP_H__
     /tmp/cc2iIlTl.s:4      *ABS*:000000000000003d __SP_L__
     /tmp/cc2iIlTl.s:5      *ABS*:0000000000000034 __CCP__
     /tmp/cc2iIlTl.s:6      *ABS*:0000000000000000 __tmp_reg__
     /tmp/cc2iIlTl.s:7      *ABS*:0000000000000001 __zero_reg__
     /tmp/cc2iIlTl.s:18     .text:0000000000000000 I2CTWI_initSlave
     /tmp/cc2iIlTl.s:57     .text:0000000000000014 __vector_19
                             .bss:0000000000000004 TWI_state.1276
     /tmp/cc2iIlTl.s:234    .bss:0000000000000002 I2CTWI_readBusy
     /tmp/cc2iIlTl.s:245    .bss:0000000000000005 current_register.1275
                            *COM*:0000000000000030 I2CTWI_readRegisters
     /tmp/cc2iIlTl.s:222    .bss:0000000000000000 I2CTWI_dataWasRead
     /tmp/cc2iIlTl.s:240    .bss:0000000000000003 I2CTWI_writeBusy
     /tmp/cc2iIlTl.s:228    .bss:0000000000000001 I2CTWI_dataReadFromReg
                            *COM*:0000000000000010 I2CTWI_writeRegisters
                            *COM*:0000000000000001 I2CTWI_genCallCMD

UNDEFINED SYMBOLS
__do_clear_bss
